<?xml version="1.0" encoding="UTF-8"?>
<!-- Generated by org.testng.reporters.JUnitReportReporter -->
<testsuite skipped="0" hostname="LAPTOP-FTITMHH4" name="qaautomation.august2021.SwitchTest" tests="1" failures="0" timestamp="2021-09-05T15:47:09 ICT" time="16.184" errors="0">
  <testcase name="testSwitchingTab" time="16.184" classname="qaautomation.august2021.SwitchTest"/>
  <system-out/>
</testsuite> <!-- qaautomation.august2021.SwitchTest -->
