<?xml version="1.0" encoding="UTF-8"?>
<!-- Generated by org.testng.reporters.JUnitReportReporter -->
<testsuite skipped="0" hostname="LAPTOP-FTITMHH4" name="qaautomation.august2021.App" tests="1" failures="0" timestamp="2021-09-05T14:14:26 ICT" time="23.013" errors="0">
  <testcase name="test1" time="23.013" classname="qaautomation.august2021.App"/>
  <system-out/>
</testsuite> <!-- qaautomation.august2021.App -->
